Express server listening on port 3000
Express server listening on port 3000
[90mGET / [36m304 [90m307ms[0m
[90mGET /javascripts/raphael-min.js [36m304 [90m10ms[0m
[90mGET /javascripts/main.js [36m304 [90m1ms[0m
[90mGET /stylesheets/main.css [32m200 [90m78ms - 3.22kb[0m
[90mGET /images/logo.png [36m304 [90m2ms[0m
[90mGET /images/avatar/chaiyupai-gs.png [36m304 [90m1ms[0m
[90mGET /images/avatar/gs-gs.png [36m304 [90m1ms[0m
[90mGET /images/avatar/eric-gs.png [36m304 [90m2ms[0m
[90mGET / [36m304 [90m52ms[0m
[90mGET /javascripts/raphael-min.js [36m304 [90m5ms[0m
[90mGET /javascripts/main.js [36m304 [90m3ms[0m
[90mGET /stylesheets/main.css [32m200 [90m70ms - 5.46kb[0m
[90mGET /images/logo.png [36m304 [90m3ms[0m
[90mGET /images/avatar/gs-gs.png [36m304 [90m8ms[0m
[90mGET /images/avatar/chaiyupai-gs.png [36m304 [90m6ms[0m
[90mGET /images/avatar/eric-gs.png [36m304 [90m2ms[0m
[90mGET / [36m304 [90m45ms[0m
[90mGET /javascripts/raphael-min.js [36m304 [90m1ms[0m
[90mGET /javascripts/main.js [36m304 [90m0ms[0m
[90mGET /stylesheets/main.css [32m200 [90m56ms - 8.54kb[0m
[90mGET /images/avatar/chaiyupai-gs.png [36m304 [90m1ms[0m
[90mGET /images/logo.png [36m304 [90m1ms[0m
[90mGET /images/avatar/gs-gs.png [36m304 [90m0ms[0m
[90mGET /images/avatar/eric-gs.png [36m304 [90m1ms[0m
[90mGET / [36m304 [90m38ms[0m
[90mGET /javascripts/raphael-min.js [36m304 [90m1ms[0m
[90mGET /javascripts/main.js [36m304 [90m1ms[0m
[90mGET /stylesheets/main.css [32m200 [90m65ms - 12.53kb[0m
[90mGET /images/avatar/chaiyupai-gs.png [36m304 [90m6ms[0m
[90mGET /images/logo.png [36m304 [90m5ms[0m
[90mGET /images/avatar/gs-gs.png [36m304 [90m3ms[0m
[90mGET /images/avatar/eric-gs.png [36m304 [90m2ms[0m
[90mGET / [32m200 [90m39ms - 1.57kb[0m
[90mGET /stylesheets/main.css [32m200 [90m65ms - 13.16kb[0m
[90mGET /javascripts/raphael-min.js [32m200 [90m2070ms - 89.24kb[0m
[90mGET /javascripts/main.js [32m200 [90m2ms - 1.73kb[0m
[90mGET /images/logo.png [32m200 [90m5ms - 42.73kb[0m
[90mGET /images/avatar/chaiyupai-gs.png [32m200 [90m8ms - 10.12kb[0m
[90mGET /images/avatar/gs-gs.png [32m200 [90m5ms - 9.56kb[0m
[90mGET /images/avatar/eric-gs.png [32m200 [90m4ms - 9.87kb[0m
[90mGET / [36m304 [90m30ms[0m
[90mGET /javascripts/raphael-min.js [36m304 [90m0ms[0m
[90mGET /stylesheets/main.css [36m304 [90m2ms[0m
[90mGET /javascripts/main.js [32m200 [90m4ms - 1.73kb[0m
[90mGET /images/logo.png [36m304 [90m1ms[0m
[90mGET /images/avatar/chaiyupai-gs.png [36m304 [90m3ms[0m
[90mGET /images/avatar/gs-gs.png [36m304 [90m20ms[0m
[90mGET /images/avatar/eric-gs.png [36m304 [90m1ms[0m
[90mGET / [36m304 [90m40ms[0m
[90mGET /javascripts/raphael-min.js [36m304 [90m0ms[0m
[90mGET /stylesheets/main.css [36m304 [90m1ms[0m
[90mGET /javascripts/main.js [36m304 [90m0ms[0m
[90mGET /images/logo.png [36m304 [90m2ms[0m
[90mGET /images/avatar/chaiyupai-gs.png [36m304 [90m2ms[0m
[90mGET /images/avatar/gs-gs.png [36m304 [90m2ms[0m
[90mGET /images/avatar/eric-gs.png [36m304 [90m1ms[0m
[90mGET / [36m304 [90m31ms[0m
[90mGET /javascripts/raphael-min.js [36m304 [90m1ms[0m
[90mGET /javascripts/main.js [32m200 [90m1ms - 1.73kb[0m
[90mGET /stylesheets/main.css [32m200 [90m1ms - 13.16kb[0m
[90mGET /images/avatar/chaiyupai-gs.png [36m304 [90m3ms[0m
[90mGET /images/logo.png [36m304 [90m3ms[0m
[90mGET /images/avatar/gs-gs.png [36m304 [90m2ms[0m
[90mGET /images/avatar/eric-gs.png [36m304 [90m1ms[0m
[90mGET / [32m200 [90m28ms - 1.57kb[0m
[90mGET / [32m200 [90m46ms - 1.57kb[0m
[90mGET /stylesheets/main.css [32m200 [90m3ms - 13.16kb[0m
[90mGET /javascripts/main.js [32m200 [90m1ms - 1.73kb[0m
[90mGET /javascripts/raphael-min.js [32m200 [90m66ms - 89.24kb[0m
[90mGET /images/logo.png [32m200 [90m8ms - 42.73kb[0m
[90mGET /images/avatar/gs-gs.png [32m200 [90m5ms - 9.56kb[0m
[90mGET /images/avatar/chaiyupai-gs.png [32m200 [90m4ms - 10.12kb[0m
[90mGET /images/avatar/eric-gs.png [32m200 [90m1ms - 9.87kb[0m
[90mGET / [36m304 [90m50ms[0m
[90mGET /javascripts/raphael-min.js [36m304 [90m1ms[0m
[90mGET /stylesheets/main.css [36m304 [90m2ms[0m
[90mGET /javascripts/main.js [32m200 [90m4ms - 1.79kb[0m
[90mGET /images/logo.png [36m304 [90m2ms[0m
[90mGET /images/avatar/gs-gs.png [36m304 [90m4ms[0m
[90mGET /images/avatar/chaiyupai-gs.png [36m304 [90m2ms[0m
[90mGET /images/avatar/eric-gs.png [36m304 [90m1ms[0m
[90mGET / [36m304 [90m54ms[0m
[90mGET /javascripts/raphael-min.js [36m304 [90m2ms[0m
[90mGET /javascripts/main.js [36m304 [90m1ms[0m
[90mGET /stylesheets/main.css [36m304 [90m1ms[0m
[90mGET /images/logo.png [36m304 [90m1ms[0m
[90mGET /images/avatar/eric-gs.png [36m304 [90m3ms[0m
[90mGET /images/avatar/chaiyupai-gs.png [36m304 [90m3ms[0m
[90mGET /images/avatar/gs-gs.png [36m304 [90m3ms[0m
[90mGET / [36m304 [90m33ms[0m
[90mGET /javascripts/raphael-min.js [36m304 [90m1ms[0m
[90mGET /stylesheets/main.css [36m304 [90m4ms[0m
[90mGET /javascripts/main.js [32m200 [90m4ms - 1.85kb[0m
[90mGET /images/logo.png [36m304 [90m1ms[0m
[90mGET /images/avatar/eric-gs.png [36m304 [90m3ms[0m
[90mGET /images/avatar/chaiyupai-gs.png [36m304 [90m3ms[0m
[90mGET /images/avatar/gs-gs.png [36m304 [90m2ms[0m
